#AUDIOSCROBBLER/1.1
#TZ/UNKNOWN
#CLIENT/Rockbox ipodvideo $Revision$
#ARTIST	#ALBUM	#TITLE	#TRACKNUM	#LENGTH	#RATING	#TIMESTAMP	#MUSICBRAINZ_TRACKID
Lauryn Hill	The Miseducation Of Lauryn Hill	Doo Wop (That Thing)	5	320	L	1745496312	
Bob Dylan	Bob Dylan's Greatest Hits	It Ain't Me, Babe	4	218	L	1745515240	
Bob Dylan	Bob Dylan's Greatest Hits	Like A Rolling Stone	5	372	L	1745515613	
Bob Dylan	Bob Dylan's Greatest Hits	Mr. Tambourine Man	6	331	L	1745515944	
Bob Dylan	Bob Dylan's Greatest Hits	Subterranean Homesick Blues	7	142	L	1745516087	
Bob Dylan	Bob Dylan's Greatest Hits	I Want You	8	189	L	1745516276	
Bob Dylan	Bob Dylan's Greatest Hits	Positively 4th Street	9	252	L	1745516528	
Bob Dylan	Bob Dylan's Greatest Hits	Just Like A Woman	10	292	L	1745516821	
George Harrison	Brainwashed	Any Road	1	232	L	1745517192	
George Harrison	Brainwashed	P2 Vatican Blues (Last Saturday Night)	2	158	L	1745517351	
George Harrison	Brainwashed	Pisces Fish	3	292	L	1745517642	
George Harrison	Brainwashed	Looking for My Life	4	229	L	1745517872	
George Harrison	Brainwashed	Rising Sun	5	327	L	1745518200	
George Harrison	Brainwashed	Marwa Blues	6	221	L	1745518421	
George Harrison	Brainwashed	Stuck Inside a Cloud	7	244	L	1745518666	
George Harrison	Brainwashed	Run So Far	8	245	L	1745518912	
George Harrison	Brainwashed	Never Get Over You	9	205	L	1745519118	
George Harrison	Brainwashed	Between the Devil and the Deep Blue Sea	10	154	L	1745519272	
George Harrison	Brainwashed	Rocking Chair in Hawaii	11	187	L	1745519460	
George Harrison	Brainwashed	Brainwashed	12	367	L	1745519827	
Jimmy Buffett	Hoot Soundtrack	Wondering Where The Lions Are	1	209	L	1745534702	
Jimmy Buffett	Hoot Soundtrack	Barefootin'	3	146	S	1745534710	
Lauryn Hill	The Miseducation Of Lauryn Hill	Intro	1	47	L	1745534760	
Lauryn Hill	The Miseducation Of Lauryn Hill	Lost Ones	2	333	L	1745535094	
Lauryn Hill	The Miseducation Of Lauryn Hill	Ex-Factor	3	326	L	1745535420	
Lauryn Hill	The Miseducation Of Lauryn Hill	To Zion	4	369	L	1745535790	
Lauryn Hill	The Miseducation Of Lauryn Hill	Doo Wop (That Thing)	5	320	L	1745537518	
Radiohead	OK Computer: OKNOTOK 1997 2017	Let Down	5	296	L	1745537816	47b02a82-c3bf-4647-b894-dd1c8f608e7f
Radiohead	OK Computer: OKNOTOK 1997 2017	Karma Police	6	260	S	1745537829	9e2ad5bc-c6f9-40d2-a36f-3122ee2072a3
Radiohead	OK Computer: OKNOTOK 1997 2017	Electioneering	8	231	S	1745537834	ba0a796c-bd1f-4d4b-85a8-918f217a204a
Radiohead	OK Computer: OKNOTOK 1997 2017	Lucky	11	258	S	1745537850	79047824-f821-4b1a-9893-e0cea1c947dd
Radiohead	OK Computer: OKNOTOK 1997 2017	The Tourist	12	319	S	1745537864	610c0012-6eb4-42a0-b759-3a2532ce0f15
Radiohead	OK Computer: OKNOTOK 1997 2017	I Promise	1	237	L	1745538077	384d9061-ca6a-4e74-a66a-f788ea0049a7
Radiohead	OK Computer: OKNOTOK 1997 2017	Man of War	2	266	S	1745538091	e7bf5ae0-dc12-46d2-8f17-39e3545c74a9
Jimmy Buffett	Living and Dying in 3/4 Time	Pencil Thin Mustache	1	173	L	1745538267	
Jimmy Buffett	Living and Dying in 3/4 Time	Come Monday	2	191	L	1745538459	
Jimmy Buffett	Living and Dying in 3/4 Time	Ringling, Ringling	3	156	L	1745538615	
Jimmy Buffett	Living and Dying in 3/4 Time	Brahma Fear	4	250	L	1745538866	
Jimmy Buffett	Living and Dying in 3/4 Time	Brand New Country Star	5	166	L	1745539032	
Jimmy Buffett	Living and Dying in 3/4 Time	Livingston's Gone to Texas	6	211	L	1745539243	
Jimmy Buffett	Living and Dying in 3/4 Time	The Wino And I Know	7	185	L	1745539429	
Jimmy Buffett	Living and Dying in 3/4 Time	West Nashville Grand Ballroom Gown	8	160	L	1745539589	
Jimmy Buffett	Living and Dying in 3/4 Time	Saxophones	9	202	L	1745539791	
Jimmy Buffett	Living and Dying in 3/4 Time	Ballad of Spider John	10	271	L	1745540062	
Jimmy Buffett	Living and Dying in 3/4 Time	God's Own Drunk	11	379	L	1745540442	
Paul McCartney	Chaos and Creation in the Backyard	Fine Line	1	185	L	1745679630	
Paul McCartney	Chaos and Creation in the Backyard	How Kind of You	2	287	S	1745679646	
Paul McCartney	Chaos and Creation in the Backyard	Jenny Wren	3	226	S	1745679648	
Paul McCartney	Chaos and Creation in the Backyard	At the Mercy	4	157	S	1745679653	
Paul McCartney	Chaos and Creation in the Backyard	Friends to Go	5	163	L	1745679816	
Paul McCartney	Chaos and Creation in the Backyard	English Tea	6	132	L	1745679948	
Paul McCartney	Chaos and Creation in the Backyard	Too Much Rain	7	204	L	1745680152	
Paul McCartney	Chaos and Creation in the Backyard	A Certain Softness	8	161	L	1745680314	
Paul McCartney	Chaos and Creation in the Backyard	Riding to Vanity Fair	9	306	L	1745680621	
Paul McCartney	Chaos and Creation in the Backyard	Follow Me	10	151	L	1745682519	
The Flaming Lips	Clouds Taste Metallic	The Abandoned Hospital Ship	1	218	L	1745778372	
The Flaming Lips	Clouds Taste Metallic	Psychiatric Explorations of the Fetus With Needles	2	207	L	1745778579	
The Flaming Lips	Clouds Taste Metallic	Placebo Headwound	3	220	L	1745778800	
The Flaming Lips	Clouds Taste Metallic	This Here Giraffe	4	226	L	1745779027	
The Flaming Lips	Clouds Taste Metallic	Brainville	5	193	L	1745779220	
The Flaming Lips	Clouds Taste Metallic	Guy Who Got a Headache and Accidentally Saves the World	6	269	L	1745780917	
Weezer	Weezer	My Name is Jonas	1	205	L	1745781124	
Weezer	Weezer	No One Else	2	184	L	1745781308	
Weezer	Weezer	The World Has Turned And Left Me Here	3	259	L	1745781568	
Weezer	Weezer	Buddy Holly	4	159	L	1745781727	
Weezer	Weezer	Undone - The Sweater Song	5	305	L	1745782032	
Weezer	Weezer	Surf Wax America	6	186	L	1745783934	
Outkast	Stankonia	Intro	1	69	S	1745804438	
Outkast	Stankonia	Intro	1	69	S	1745809355	
Counting Crows	August and Everything After	Round Here	1	332	L	1745809689	
Counting Crows	August and Everything After	Omaha	2	219	L	1745809909	
Counting Crows	August and Everything After	Mr. Jones	3	272	L	1745810181	
Counting Crows	August and Everything After	Perfect Blue Buildings	4	300	L	1745810389	
Counting Crows	August and Everything After	Round Here	1	332	S	1745810395	
Counting Crows	August and Everything After	Round Here	1	332	S	1745810427	
Counting Crows	August and Everything After	Round Here	1	332	L	1745810630	
Counting Crows	August and Everything After	Omaha	2	219	S	1745810708	
Counting Crows	August and Everything After	Mr. Jones	3	272	S	1745810715	
Counting Crows	August and Everything After	Perfect Blue Buildings	4	300	S	1745810722	
Counting Crows	August and Everything After	Anna Begins	5	271	S	1745810730	
Counting Crows	August and Everything After	Time and Time Again	6	314	S	1745810733	
Counting Crows	August and Everything After	Rain King	7	255	L	1745810991	
Counting Crows	August and Everything After	Sullivan Street	8	269	S	1745812801	
Bob Dylan	Dylan: Highway 61 Revisited	Like a Rolling Stone	1	371	S	1745878903	26244520-0e1d-4d42-b101-ce6b83299d33
Charli XCX	BRAT	360	1	133	S	1745878922	9e687f51-1fa6-4374-b9e0-2e3df630bcd5
Charli XCX	BRAT	Von dutch	6	164	S	1745879088	93e4875c-8a06-4b7d-96cb-8cb27f142c7d
The Zombies	Odessey and Oracle	Care of Cell 44	1	191	S	1745879126	fa2819ce-417c-44ec-8fa8-36bb3a61911f
Bob Dylan	New Morning	If Not For You	1	162	L	1745879288	
Bob Dylan	New Morning	Day Of The Locusts	2	240	L	1745879529	
Bob Dylan	New Morning	Time Passes Slowly	3	155	L	1745879684	
Bob Dylan	New Morning	Went To See The Gypsy	4	171	L	1745879856	
Bob Dylan	New Morning	Winterlude	5	142	L	1745879999	
Bob Dylan	New Morning	If Dogs Run Free	6	220	L	1745882048	
Charli XCX	BRAT	Von dutch	6	164	L	1746054547	93e4875c-8a06-4b7d-96cb-8cb27f142c7d
Charli XCX	BRAT	Everything is romantic	7	203	S	1746054549	92f108ea-4a03-4469-8bc3-be46ffa331e0
Charli XCX	BRAT	Girl, so confusing	10	174	S	1746054554	01a70574-fcf4-4292-a29b-bd5dc6892cfa
Charli XCX	BRAT	Apple	11	151	S	1746054600	85cc72aa-2e66-45fc-bc02-ce2ec036f82b
Charli XCX	BRAT	Girl, so confusing	10	174	L	1746054734	01a70574-fcf4-4292-a29b-bd5dc6892cfa
Charli XCX	BRAT	B2b	12	178	L	1746054914	316274e2-6043-41c3-97dd-0f570822b319
Charli XCX	BRAT	Mean girls	13	189	S	1746054915	058b79d3-1023-4c75-9bf4-96491ec8fdc1
Charli XCX	BRAT	B2b	12	178	L	1746054968	316274e2-6043-41c3-97dd-0f570822b319
Charli XCX	BRAT	Mean girls	13	189	S	1746054969	058b79d3-1023-4c75-9bf4-96491ec8fdc1
Charli XCX	BRAT	I think about it all the time	14	135	S	1746054971	4d8939a9-a11e-464c-8816-4447472df358
Charli XCX	BRAT	Mean girls	13	189	S	1746056472	058b79d3-1023-4c75-9bf4-96491ec8fdc1
Charli XCX	BRAT	Girl, so confusing	10	174	S	1746056476	01a70574-fcf4-4292-a29b-bd5dc6892cfa
Charli XCX	BRAT	Everything is romantic	7	203	S	1746056480	92f108ea-4a03-4469-8bc3-be46ffa331e0
Charli XCX	BRAT	Von dutch	6	164	L	1746058390	93e4875c-8a06-4b7d-96cb-8cb27f142c7d
Bob Dylan	Blood on the Tracks	Tangled Up in Blue	1	342	L	1746118550	9b71d596-63ec-4bbf-a36e-37239183c3d4
Bob Dylan	Blood on the Tracks	Simple Twist of Fate	2	258	L	1746118808	bf9fcb18-9ee0-42fb-b9ad-1a72ed52780a
Bob Dylan	Blood on the Tracks	You're a Big Girl Now	3	275	L	1746120764	5553103c-56f2-4331-8ac4-3f20444664d4
Bob Dylan	Blood on the Tracks	Idiot Wind	4	469	L	1746121233	90247137-2bfc-4013-bbb9-d09f8409fc2b
Bob Dylan	Blood on the Tracks	You're Gonna Make Me Lonesome When You Go	5	176	L	1746121409	9a30cb9d-2550-4be2-944e-0b215bb552bb
Bob Dylan	Blood on the Tracks	Meet Me in the Morning	6	261	L	1746123326	37c667ba-98fe-4f84-89c0-577b6ae3057b
Bob Dylan	Blood on the Tracks	Meet Me in the Morning	6	261	L	1746139982	37c667ba-98fe-4f84-89c0-577b6ae3057b
Bob Dylan	Blood on the Tracks	Lily, Rosemary and the Jack of Hearts	7	532	L	1746141704	220e51c5-1abb-4d53-bf92-b43f64fee8bc
Bob Dylan	Blood on the Tracks	If You See Her, Say Hello	8	288	L	1746141993	ab66ab50-0503-4ec9-b383-93f80d9a592c
Bob Dylan	Blood on the Tracks	Shelter From the Storm	9	301	L	1746143062	14704fe6-3e48-4be9-bac1-f57a98c4ebd9
Bob Dylan	Blood on the Tracks	Buckets of Rain	10	206	S	1746143139	c8e4dbf1-64f5-4cbb-8bf3-c17f3b19765c
Bob Dylan	Bob Dylan's Greatest Hits	It Ain't Me, Babe	4	218	L	1746143359	
Bob Dylan	Bob Dylan's Greatest Hits	Like A Rolling Stone	5	372	S	1746145204	
Bob Dylan	Bob Dylan's Greatest Hits	Like A Rolling Stone	5	372	S	1746221824	
Bob Dylan	Bob Dylan's Greatest Hits	Mr. Tambourine Man	6	331	S	1746221826	
Bob Dylan	Bob Dylan's Greatest Hits	Subterranean Homesick Blues	7	142	L	1746221970	
Bob Dylan	Bob Dylan's Greatest Hits	I Want You	8	189	L	1746223233	
Bob Dylan	Bob Dylan's Greatest Hits	Positively 4th Street	9	252	L	1746223440	
Bob Dylan	Bob Dylan's Greatest Hits	Just Like A Woman	10	292	S	1746223474	
Jimmy Buffett	Living and Dying in 3/4 Time	Pencil Thin Mustache	1	173	L	1746225417	
Hot Mulligan	Pilot	Deluxe Capacitor	1	204	S	1746226834	
Jimmy Buffett	Hoot Soundtrack	Wondering Where The Lions Are	1	209	L	1746227046	
Jimmy Buffett	Hoot Soundtrack	Barefootin'	3	146	L	1746227193	
Jimmy Buffett	Hoot Soundtrack	Werewolves of London	5	201	S	1746228453	
The Zombies	Odessey and Oracle	Care of Cell 44	1	191	L	1746228646	fa2819ce-417c-44ec-8fa8-36bb3a61911f
The Zombies	Odessey and Oracle	A Rose for Emily	2	139	S	1746228670	5aed2efe-7fb6-4000-b9b2-b909f0e16940
The Zombies	Odessey and Oracle	Maybe After He’s Gone	3	153	S	1746228675	c7cb719c-1e51-4eb2-a579-c8acd8ddefc4
The Zombies	Odessey and Oracle	Beechwood Park	4	163	L	1746230594	7bca5fa4-5747-4d27-9d0b-e40b45924bd5
The Zombies	Odessey and Oracle	Beechwood Park	4	163	L	1746353526	7bca5fa4-5747-4d27-9d0b-e40b45924bd5
The Zombies	Odessey and Oracle	Brief Candles	5	205	L	1746353740	c0c91425-ccde-4c4d-bbfd-30f4b0c4486b
